2025-09-09 19:54:31,147 INFO: Sistema Distribuidor iniciado [in /home/osn/Documentos/SistemaDistribuidor/services/logging_service.py:42]
2025-09-09 19:54:32,713 INFO: Sistema Distribuidor iniciado [in /home/osn/Documentos/SistemaDistribuidor/services/logging_service.py:42]
2025-09-09 19:55:41,697 INFO: Sistema Distribuidor iniciado [in /home/osn/Documentos/SistemaDistribuidor/services/logging_service.py:42]
2025-09-09 20:04:32,942 INFO: Sistema Distribuidor iniciado [in /home/osn/Documentos/SistemaDistribuidor/services/logging_service.py:42]
2025-09-09 20:04:38,781 INFO: Sistema Distribuidor iniciado [in /home/osn/Documentos/SistemaDistribuidor/services/logging_service.py:42]
2025-09-09 20:05:00,783 INFO: Sistema Distribuidor iniciado [in /home/osn/Documentos/SistemaDistribuidor/services/logging_service.py:42]
2025-09-09 20:05:01,762 INFO: Sistema Distribuidor iniciado [in /home/osn/Documentos/SistemaDistribuidor/services/logging_service.py:42]
2025-09-09 20:05:01,762 INFO: Sistema Distribuidor iniciado [in /home/osn/Documentos/SistemaDistribuidor/services/logging_service.py:42]
2025-09-09 20:05:53,431 INFO: Sistema Distribuidor iniciado [in /home/osn/Documentos/SistemaDistribuidor/services/logging_service.py:42]
2025-09-09 20:06:16,541 INFO: Sistema Distribuidor iniciado [in /home/osn/Documentos/SistemaDistribuidor/services/logging_service.py:42]
2025-09-09 20:10:57,569 INFO: Sistema Distribuidor iniciado [in /home/osn/Documentos/SistemaDistribuidor/services/logging_service.py:42]
2025-09-09 20:11:13,431 INFO: Sistema Distribuidor iniciado [in /home/osn/Documentos/SistemaDistribuidor/services/logging_service.py:42]
2025-09-09 20:11:18,214 INFO: Sistema Distribuidor iniciado [in /home/osn/Documentos/SistemaDistribuidor/services/logging_service.py:42]
2025-09-09 20:11:58,005 INFO: Sistema Distribuidor iniciado [in /home/osn/Documentos/SistemaDistribuidor/services/logging_service.py:42]
2025-09-09 20:14:17,225 INFO: Sistema Distribuidor iniciado [in /home/osn/Documentos/SistemaDistribuidor/services/logging_service.py:42]
2025-09-09 20:14:18,602 INFO: Sistema Distribuidor iniciado [in /home/osn/Documentos/SistemaDistribuidor/services/logging_service.py:42]
2025-09-09 20:14:41,559 INFO: Sistema Distribuidor iniciado [in /home/osn/Documentos/SistemaDistribuidor/services/logging_service.py:42]
2025-09-09 20:18:30,833 INFO: Sistema Distribuidor iniciado [in /home/osn/Documentos/SistemaDistribuidor/services/logging_service.py:42]
2025-09-09 20:18:32,126 INFO: Sistema Distribuidor iniciado [in /home/osn/Documentos/SistemaDistribuidor/services/logging_service.py:42]
2025-09-09 20:34:37,466 INFO: Sistema Distribuidor iniciado [in /home/osn/Documentos/SistemaDistribuidor/services/logging_service.py:42]
2025-09-09 20:34:48,450 INFO: Sistema Distribuidor iniciado [in /home/osn/Documentos/SistemaDistribuidor/services/logging_service.py:42]
2025-09-09 20:48:27,124 INFO: Sistema Distribuidor iniciado [in /home/osn/Documentos/SistemaDistribuidor/services/logging_service.py:42]
2025-09-09 20:48:28,116 INFO: Sistema Distribuidor iniciado [in /home/osn/Documentos/SistemaDistribuidor/services/logging_service.py:42]
2025-09-09 20:48:28,116 INFO: Sistema Distribuidor iniciado [in /home/osn/Documentos/SistemaDistribuidor/services/logging_service.py:42]
2025-09-09 20:48:34,623 INFO: Sistema Distribuidor iniciado [in /home/osn/Documentos/SistemaDistribuidor/services/logging_service.py:42]
2025-09-09 20:48:41,447 INFO: Sistema Distribuidor iniciado [in /home/osn/Documentos/SistemaDistribuidor/services/logging_service.py:42]
2025-09-09 20:48:45,168 INFO: Sistema Distribuidor iniciado [in /home/osn/Documentos/SistemaDistribuidor/services/logging_service.py:42]
2025-09-09 20:48:47,872 INFO: Sistema Distribuidor iniciado [in /home/osn/Documentos/SistemaDistribuidor/services/logging_service.py:42]
2025-09-09 20:48:53,626 INFO: Sistema Distribuidor iniciado [in /home/osn/Documentos/SistemaDistribuidor/services/logging_service.py:42]
2025-09-09 20:48:56,338 INFO: Sistema Distribuidor iniciado [in /home/osn/Documentos/SistemaDistribuidor/services/logging_service.py:42]
2025-09-09 20:48:59,216 INFO: Sistema Distribuidor iniciado [in /home/osn/Documentos/SistemaDistribuidor/services/logging_service.py:42]
2025-09-09 20:49:03,157 INFO: Sistema Distribuidor iniciado [in /home/osn/Documentos/SistemaDistribuidor/services/logging_service.py:42]
2025-09-09 20:49:04,150 INFO: Sistema Distribuidor iniciado [in /home/osn/Documentos/SistemaDistribuidor/services/logging_service.py:42]
2025-09-09 20:49:04,150 INFO: Sistema Distribuidor iniciado [in /home/osn/Documentos/SistemaDistribuidor/services/logging_service.py:42]
2025-09-09 20:49:12,050 INFO: Sistema Distribuidor iniciado [in /home/osn/Documentos/SistemaDistribuidor/services/logging_service.py:42]
2025-09-09 20:49:14,946 INFO: Sistema Distribuidor iniciado [in /home/osn/Documentos/SistemaDistribuidor/services/logging_service.py:42]
2025-09-09 20:49:18,698 INFO: Sistema Distribuidor iniciado [in /home/osn/Documentos/SistemaDistribuidor/services/logging_service.py:42]
2025-09-09 20:49:22,492 INFO: Sistema Distribuidor iniciado [in /home/osn/Documentos/SistemaDistribuidor/services/logging_service.py:42]
2025-09-09 20:49:29,559 INFO: Sistema Distribuidor iniciado [in /home/osn/Documentos/SistemaDistribuidor/services/logging_service.py:42]
2025-09-09 20:49:30,554 INFO: Sistema Distribuidor iniciado [in /home/osn/Documentos/SistemaDistribuidor/services/logging_service.py:42]
2025-09-09 20:49:30,554 INFO: Sistema Distribuidor iniciado [in /home/osn/Documentos/SistemaDistribuidor/services/logging_service.py:42]
2025-09-09 20:51:26,157 INFO: Sistema Distribuidor iniciado [in /home/osn/Documentos/SistemaDistribuidor/services/logging_service.py:42]
2025-09-09 20:51:31,999 INFO: Sistema Distribuidor iniciado [in /home/osn/Documentos/SistemaDistribuidor/services/logging_service.py:42]
2025-09-09 20:51:35,654 INFO: Sistema Distribuidor iniciado [in /home/osn/Documentos/SistemaDistribuidor/services/logging_service.py:42]
2025-09-09 20:52:30,255 INFO: Sistema Distribuidor iniciado [in /home/osn/Documentos/SistemaDistribuidor/services/logging_service.py:42]
2025-09-09 20:53:17,563 INFO: Sistema Distribuidor iniciado [in /home/osn/Documentos/SistemaDistribuidor/services/logging_service.py:42]
2025-09-09 20:53:52,863 INFO: Sistema Distribuidor iniciado [in /home/osn/Documentos/SistemaDistribuidor/services/logging_service.py:42]
2025-09-09 20:57:02,374 INFO: Sistema Distribuidor iniciado [in /home/osn/Documentos/SistemaDistribuidor/services/logging_service.py:42]
2025-09-09 20:58:03,254 INFO: Sistema Distribuidor iniciado [in /home/osn/Documentos/SistemaDistribuidor/services/logging_service.py:42]
2025-09-09 21:06:16,986 INFO: Sistema Distribuidor iniciado [in /home/osn/Documentos/SistemaDistribuidor/services/logging_service.py:42]
2025-09-09 21:06:32,890 INFO: Sistema Distribuidor iniciado [in /home/osn/Documentos/SistemaDistribuidor/services/logging_service.py:42]
2025-09-09 21:06:41,935 INFO: Sistema Distribuidor iniciado [in /home/osn/Documentos/SistemaDistribuidor/services/logging_service.py:42]
2025-09-09 21:06:46,840 INFO: Sistema Distribuidor iniciado [in /home/osn/Documentos/SistemaDistribuidor/services/logging_service.py:42]
2025-09-09 21:07:00,367 INFO: Sistema Distribuidor iniciado [in /home/osn/Documentos/SistemaDistribuidor/services/logging_service.py:42]
2025-09-09 21:07:13,651 INFO: Sistema Distribuidor iniciado [in /home/osn/Documentos/SistemaDistribuidor/services/logging_service.py:42]
2025-09-09 21:07:18,095 INFO: Sistema Distribuidor iniciado [in /home/osn/Documentos/SistemaDistribuidor/services/logging_service.py:42]
2025-09-09 21:13:17,641 INFO: Sistema Distribuidor iniciado [in /home/osn/Documentos/SistemaDistribuidor/services/logging_service.py:42]
2025-09-09 21:13:18,912 INFO: Sistema Distribuidor iniciado [in /home/osn/Documentos/SistemaDistribuidor/services/logging_service.py:42]
2025-09-09 21:13:18,912 INFO: Sistema Distribuidor iniciado [in /home/osn/Documentos/SistemaDistribuidor/services/logging_service.py:42]
2025-09-09 21:13:25,495 INFO: Sistema Distribuidor iniciado [in /home/osn/Documentos/SistemaDistribuidor/services/logging_service.py:42]
2025-09-09 21:13:26,634 INFO: Sistema Distribuidor iniciado [in /home/osn/Documentos/SistemaDistribuidor/services/logging_service.py:42]
2025-09-09 21:13:26,634 INFO: Sistema Distribuidor iniciado [in /home/osn/Documentos/SistemaDistribuidor/services/logging_service.py:42]
2025-09-09 21:13:44,385 INFO: Sistema Distribuidor iniciado [in /home/osn/Documentos/SistemaDistribuidor/services/logging_service.py:42]
2025-09-10 01:03:39,842 INFO: Sistema Distribuidor iniciado [in /home/osn/Documentos/SistemaDistribuidor/services/logging_service.py:42]
2025-09-10 01:03:41,070 INFO: Sistema Distribuidor iniciado [in /home/osn/Documentos/SistemaDistribuidor/services/logging_service.py:42]
2025-09-10 20:32:30,823 INFO: Sistema Distribuidor iniciado [in /home/osn/Documentos/SistemaDistribuidor/services/logging_service.py:42]
2025-09-10 20:32:32,579 INFO: Sistema Distribuidor iniciado [in /home/osn/Documentos/SistemaDistribuidor/services/logging_service.py:42]
2025-09-10 20:52:54,852 INFO: Sistema Distribuidor iniciado [in /home/osn/Documentos/SistemaDistribuidor/services/logging_service.py:42]
2025-09-10 20:53:32,861 INFO: Sistema Distribuidor iniciado [in /home/osn/Documentos/SistemaDistribuidor/services/logging_service.py:42]
2025-09-10 20:53:35,371 INFO: Sistema Distribuidor iniciado [in /home/osn/Documentos/SistemaDistribuidor/services/logging_service.py:42]
2025-09-10 20:53:47,430 INFO: Sistema Distribuidor iniciado [in /home/osn/Documentos/SistemaDistribuidor/services/logging_service.py:42]
2025-09-10 20:53:48,617 INFO: Sistema Distribuidor iniciado [in /home/osn/Documentos/SistemaDistribuidor/services/logging_service.py:42]
2025-09-14 20:41:32,694 INFO: Sistema Distribuidor iniciado [in /home/osn/Documentos/SistemaDistribuidor/services/logging_service.py:42]
2025-09-14 20:41:35,450 INFO: Sistema Distribuidor iniciado [in /home/osn/Documentos/SistemaDistribuidor/services/logging_service.py:42]
2025-09-15 01:13:20,038 INFO: Sistema Distribuidor iniciado [in /home/runner/workspace/services/logging_service.py:42]
2025-09-15 01:13:57,827 INFO: Sistema Distribuidor iniciado [in /home/runner/workspace/services/logging_service.py:42]
2025-09-15 02:00:20,909 INFO: Sistema Distribuidor iniciado [in /home/runner/workspace/services/logging_service.py:42]
2025-09-15 02:02:25,273 INFO: Sistema Distribuidor iniciado [in /home/runner/workspace/services/logging_service.py:42]
2025-09-15 02:06:33,644 INFO: Sistema Distribuidor iniciado [in /home/runner/workspace/services/logging_service.py:42]
2025-09-15 02:06:38,270 ERROR: Exception on / [GET] [in /home/runner/workspace/.pythonlibs/lib/python3.11/site-packages/flask/app.py:875]
Traceback (most recent call last):
  File "/home/runner/workspace/.pythonlibs/lib/python3.11/site-packages/flask/app.py", line 1511, in wsgi_app
    response = self.full_dispatch_request()
               ^^^^^^^^^^^^^^^^^^^^^^^^^^^^
  File "/home/runner/workspace/.pythonlibs/lib/python3.11/site-packages/flask/app.py", line 919, in full_dispatch_request
    rv = self.handle_user_exception(e)
         ^^^^^^^^^^^^^^^^^^^^^^^^^^^^^
  File "/home/runner/workspace/.pythonlibs/lib/python3.11/site-packages/flask/app.py", line 917, in full_dispatch_request
    rv = self.dispatch_request()
         ^^^^^^^^^^^^^^^^^^^^^^^
  File "/home/runner/workspace/.pythonlibs/lib/python3.11/site-packages/flask/app.py", line 902, in dispatch_request
    return self.ensure_sync(self.view_functions[rule.endpoint])(**view_args)  # type: ignore[no-any-return]
           ^^^^^^^^^^^^^^^^^^^^^^^^^^^^^^^^^^^^^^^^^^^^^^^^^^^^^^^^^^^^^^^^^
  File "/home/runner/workspace/.pythonlibs/lib/python3.11/site-packages/flask_login/utils.py", line 290, in decorated_view
    return current_app.ensure_sync(func)(*args, **kwargs)
           ^^^^^^^^^^^^^^^^^^^^^^^^^^^^^^^^^^^^^^^^^^^^^^
  File "/home/runner/workspace/routes/dashboard.py", line 56, in index
    return render_template('dashboard/index.html',
           ^^^^^^^^^^^^^^^^^^^^^^^^^^^^^^^^^^^^^^^
  File "/home/runner/workspace/.pythonlibs/lib/python3.11/site-packages/flask/templating.py", line 150, in render_template
    return _render(app, template, context)
           ^^^^^^^^^^^^^^^^^^^^^^^^^^^^^^^
  File "/home/runner/workspace/.pythonlibs/lib/python3.11/site-packages/flask/templating.py", line 131, in _render
    rv = template.render(context)
         ^^^^^^^^^^^^^^^^^^^^^^^^
  File "/home/runner/workspace/.pythonlibs/lib/python3.11/site-packages/jinja2/environment.py", line 1295, in render
    self.environment.handle_exception()
  File "/home/runner/workspace/.pythonlibs/lib/python3.11/site-packages/jinja2/environment.py", line 942, in handle_exception
    raise rewrite_traceback_stack(source=source)
  File "/home/runner/workspace/templates/dashboard/index.html", line 1, in top-level template code
    {% extends "base.html" %}
  File "/home/runner/workspace/templates/base.html", line 149, in top-level template code
    {% block content %}{% endblock %}
    ^^^^^^^^^^^^^^^^^^^^^^^^^
  File "/home/runner/workspace/templates/dashboard/index.html", line 249, in block 'content'
    <small class="text-muted">{{ order.created_at.strftime('%d/%m/%Y %H:%M') }}</small>
    ^^^^^^^^^^^^^^^^^^^^^^^^^
  File "/home/runner/workspace/.pythonlibs/lib/python3.11/site-packages/jinja2/utils.py", line 92, in from_obj
    if hasattr(obj, "jinja_pass_arg"):
       ^^^^^^^^^^^^^^^^^^^^^^^^^^^^^^
jinja2.exceptions.UndefinedError: 'None' has no attribute 'strftime'
2025-09-15 02:07:29,070 INFO: Sistema Distribuidor iniciado [in /home/runner/workspace/services/logging_service.py:42]
2025-09-15 02:07:33,773 ERROR: Exception on / [GET] [in /home/runner/workspace/.pythonlibs/lib/python3.11/site-packages/flask/app.py:875]
Traceback (most recent call last):
  File "/home/runner/workspace/.pythonlibs/lib/python3.11/site-packages/flask/app.py", line 1511, in wsgi_app
    response = self.full_dispatch_request()
               ^^^^^^^^^^^^^^^^^^^^^^^^^^^^
  File "/home/runner/workspace/.pythonlibs/lib/python3.11/site-packages/flask/app.py", line 919, in full_dispatch_request
    rv = self.handle_user_exception(e)
         ^^^^^^^^^^^^^^^^^^^^^^^^^^^^^
  File "/home/runner/workspace/.pythonlibs/lib/python3.11/site-packages/flask/app.py", line 917, in full_dispatch_request
    rv = self.dispatch_request()
         ^^^^^^^^^^^^^^^^^^^^^^^
  File "/home/runner/workspace/.pythonlibs/lib/python3.11/site-packages/flask/app.py", line 902, in dispatch_request
    return self.ensure_sync(self.view_functions[rule.endpoint])(**view_args)  # type: ignore[no-any-return]
           ^^^^^^^^^^^^^^^^^^^^^^^^^^^^^^^^^^^^^^^^^^^^^^^^^^^^^^^^^^^^^^^^^
  File "/home/runner/workspace/.pythonlibs/lib/python3.11/site-packages/flask_login/utils.py", line 290, in decorated_view
    return current_app.ensure_sync(func)(*args, **kwargs)
           ^^^^^^^^^^^^^^^^^^^^^^^^^^^^^^^^^^^^^^^^^^^^^^
  File "/home/runner/workspace/routes/dashboard.py", line 56, in index
    return render_template('dashboard/index.html',
           ^^^^^^^^^^^^^^^^^^^^^^^^^^^^^^^^^^^^^^^
  File "/home/runner/workspace/.pythonlibs/lib/python3.11/site-packages/flask/templating.py", line 150, in render_template
    return _render(app, template, context)
           ^^^^^^^^^^^^^^^^^^^^^^^^^^^^^^^
  File "/home/runner/workspace/.pythonlibs/lib/python3.11/site-packages/flask/templating.py", line 131, in _render
    rv = template.render(context)
         ^^^^^^^^^^^^^^^^^^^^^^^^
  File "/home/runner/workspace/.pythonlibs/lib/python3.11/site-packages/jinja2/environment.py", line 1295, in render
    self.environment.handle_exception()
  File "/home/runner/workspace/.pythonlibs/lib/python3.11/site-packages/jinja2/environment.py", line 942, in handle_exception
    raise rewrite_traceback_stack(source=source)
  File "/home/runner/workspace/templates/dashboard/index.html", line 1, in top-level template code
    {% extends "base.html" %}
  File "/home/runner/workspace/templates/base.html", line 149, in top-level template code
    {% block content %}{% endblock %}
    ^^^^^^^^^^^^^^^^^^^^^^^^^
  File "/home/runner/workspace/templates/dashboard/index.html", line 249, in block 'content'
    <small class="text-muted">{{ order.created_at.strftime('%d/%m/%Y %H:%M') }}</small>
    ^^^^^^^^^^^^^^^^^^^^^^^^^
  File "/home/runner/workspace/.pythonlibs/lib/python3.11/site-packages/jinja2/utils.py", line 92, in from_obj
    if hasattr(obj, "jinja_pass_arg"):
       ^^^^^^^^^^^^^^^^^^^^^^^^^^^^^^
jinja2.exceptions.UndefinedError: 'None' has no attribute 'strftime'
2025-09-15 02:08:44,289 INFO: Sistema Distribuidor iniciado [in /home/runner/workspace/services/logging_service.py:42]
2025-09-15 02:18:17,504 INFO: Sistema Distribuidor iniciado [in /home/runner/workspace/services/logging_service.py:42]
2025-09-15 02:21:45,036 INFO: Sistema Distribuidor iniciado [in /home/runner/workspace/services/logging_service.py:42]
2025-09-15 02:22:09,636 INFO: Sistema Distribuidor iniciado [in /home/runner/workspace/services/logging_service.py:42]
2025-09-15 02:24:55,702 INFO: Sistema Distribuidor iniciado [in /home/runner/workspace/services/logging_service.py:42]
2025-09-15 02:31:24,566 ERROR: Exception on /orders/ [GET] [in /home/runner/workspace/.pythonlibs/lib/python3.11/site-packages/flask/app.py:875]
Traceback (most recent call last):
  File "/home/runner/workspace/.pythonlibs/lib/python3.11/site-packages/flask/app.py", line 1511, in wsgi_app
    response = self.full_dispatch_request()
               ^^^^^^^^^^^^^^^^^^^^^^^^^^^^
  File "/home/runner/workspace/.pythonlibs/lib/python3.11/site-packages/flask/app.py", line 919, in full_dispatch_request
    rv = self.handle_user_exception(e)
         ^^^^^^^^^^^^^^^^^^^^^^^^^^^^^
  File "/home/runner/workspace/.pythonlibs/lib/python3.11/site-packages/flask/app.py", line 917, in full_dispatch_request
    rv = self.dispatch_request()
         ^^^^^^^^^^^^^^^^^^^^^^^
  File "/home/runner/workspace/.pythonlibs/lib/python3.11/site-packages/flask/app.py", line 902, in dispatch_request
    return self.ensure_sync(self.view_functions[rule.endpoint])(**view_args)  # type: ignore[no-any-return]
           ^^^^^^^^^^^^^^^^^^^^^^^^^^^^^^^^^^^^^^^^^^^^^^^^^^^^^^^^^^^^^^^^^
  File "/home/runner/workspace/.pythonlibs/lib/python3.11/site-packages/flask_login/utils.py", line 290, in decorated_view
    return current_app.ensure_sync(func)(*args, **kwargs)
           ^^^^^^^^^^^^^^^^^^^^^^^^^^^^^^^^^^^^^^^^^^^^^^
  File "/home/runner/workspace/routes/orders.py", line 26, in index
    return render_template('orders/index.html', orders=orders, selected_status=status)
           ^^^^^^^^^^^^^^^^^^^^^^^^^^^^^^^^^^^^^^^^^^^^^^^^^^^^^^^^^^^^^^^^^^^^^^^^^^^
  File "/home/runner/workspace/.pythonlibs/lib/python3.11/site-packages/flask/templating.py", line 150, in render_template
    return _render(app, template, context)
           ^^^^^^^^^^^^^^^^^^^^^^^^^^^^^^^
  File "/home/runner/workspace/.pythonlibs/lib/python3.11/site-packages/flask/templating.py", line 131, in _render
    rv = template.render(context)
         ^^^^^^^^^^^^^^^^^^^^^^^^
  File "/home/runner/workspace/.pythonlibs/lib/python3.11/site-packages/jinja2/environment.py", line 1295, in render
    self.environment.handle_exception()
  File "/home/runner/workspace/.pythonlibs/lib/python3.11/site-packages/jinja2/environment.py", line 942, in handle_exception
    raise rewrite_traceback_stack(source=source)
  File "/home/runner/workspace/templates/orders/index.html", line 1, in top-level template code
    {% extends "base.html" %}
  File "/home/runner/workspace/templates/base.html", line 149, in top-level template code
    {% block content %}{% endblock %}
    ^^^^^^^^^^^^^^^^^^^^^^^^^
  File "/home/runner/workspace/templates/orders/index.html", line 96, in block 'content'
    <td>{{ order.created_at.strftime('%d/%m/%Y %H:%M') }}</td>
    ^^^^^^^^^^^^^^^^^^^^^^^^^
  File "/home/runner/workspace/.pythonlibs/lib/python3.11/site-packages/jinja2/utils.py", line 92, in from_obj
    if hasattr(obj, "jinja_pass_arg"):
       ^^^^^^^^^^^^^^^^^^^^^^^^^^^^^^
jinja2.exceptions.UndefinedError: 'None' has no attribute 'strftime'
2025-09-15 02:31:42,763 ERROR: Exception on /orders/ [GET] [in /home/runner/workspace/.pythonlibs/lib/python3.11/site-packages/flask/app.py:875]
Traceback (most recent call last):
  File "/home/runner/workspace/.pythonlibs/lib/python3.11/site-packages/flask/app.py", line 1511, in wsgi_app
    response = self.full_dispatch_request()
               ^^^^^^^^^^^^^^^^^^^^^^^^^^^^
  File "/home/runner/workspace/.pythonlibs/lib/python3.11/site-packages/flask/app.py", line 919, in full_dispatch_request
    rv = self.handle_user_exception(e)
         ^^^^^^^^^^^^^^^^^^^^^^^^^^^^^
  File "/home/runner/workspace/.pythonlibs/lib/python3.11/site-packages/flask/app.py", line 917, in full_dispatch_request
    rv = self.dispatch_request()
         ^^^^^^^^^^^^^^^^^^^^^^^
  File "/home/runner/workspace/.pythonlibs/lib/python3.11/site-packages/flask/app.py", line 902, in dispatch_request
    return self.ensure_sync(self.view_functions[rule.endpoint])(**view_args)  # type: ignore[no-any-return]
           ^^^^^^^^^^^^^^^^^^^^^^^^^^^^^^^^^^^^^^^^^^^^^^^^^^^^^^^^^^^^^^^^^
  File "/home/runner/workspace/.pythonlibs/lib/python3.11/site-packages/flask_login/utils.py", line 290, in decorated_view
    return current_app.ensure_sync(func)(*args, **kwargs)
           ^^^^^^^^^^^^^^^^^^^^^^^^^^^^^^^^^^^^^^^^^^^^^^
  File "/home/runner/workspace/routes/orders.py", line 26, in index
    return render_template('orders/index.html', orders=orders, selected_status=status)
           ^^^^^^^^^^^^^^^^^^^^^^^^^^^^^^^^^^^^^^^^^^^^^^^^^^^^^^^^^^^^^^^^^^^^^^^^^^^
  File "/home/runner/workspace/.pythonlibs/lib/python3.11/site-packages/flask/templating.py", line 150, in render_template
    return _render(app, template, context)
           ^^^^^^^^^^^^^^^^^^^^^^^^^^^^^^^
  File "/home/runner/workspace/.pythonlibs/lib/python3.11/site-packages/flask/templating.py", line 131, in _render
    rv = template.render(context)
         ^^^^^^^^^^^^^^^^^^^^^^^^
  File "/home/runner/workspace/.pythonlibs/lib/python3.11/site-packages/jinja2/environment.py", line 1295, in render
    self.environment.handle_exception()
  File "/home/runner/workspace/.pythonlibs/lib/python3.11/site-packages/jinja2/environment.py", line 942, in handle_exception
    raise rewrite_traceback_stack(source=source)
  File "/home/runner/workspace/templates/orders/index.html", line 1, in top-level template code
    {% extends "base.html" %}
  File "/home/runner/workspace/templates/base.html", line 149, in top-level template code
    {% block content %}{% endblock %}
    ^^^^^^^^^^^^^^^^^^^^^^^^^
  File "/home/runner/workspace/templates/orders/index.html", line 96, in block 'content'
    <td>{{ order.created_at.strftime('%d/%m/%Y %H:%M') }}</td>
    ^^^^^^^^^^^^^^^^^^^^^^^^^
  File "/home/runner/workspace/.pythonlibs/lib/python3.11/site-packages/jinja2/utils.py", line 92, in from_obj
    if hasattr(obj, "jinja_pass_arg"):
       ^^^^^^^^^^^^^^^^^^^^^^^^^^^^^^
jinja2.exceptions.UndefinedError: 'None' has no attribute 'strftime'
2025-09-15 02:32:40,182 INFO: Sistema Distribuidor iniciado [in /home/runner/workspace/services/logging_service.py:42]
2025-09-15 02:34:55,365 INFO: Sistema Distribuidor iniciado [in /home/runner/workspace/services/logging_service.py:42]
2025-09-15 02:36:31,578 INFO: Sistema Distribuidor iniciado [in /home/runner/workspace/services/logging_service.py:42]
2025-09-15 02:38:53,442 ERROR: Exception on /delivery/assign/4 [GET] [in /home/runner/workspace/.pythonlibs/lib/python3.11/site-packages/flask/app.py:875]
Traceback (most recent call last):
  File "/home/runner/workspace/.pythonlibs/lib/python3.11/site-packages/flask/app.py", line 1511, in wsgi_app
    response = self.full_dispatch_request()
               ^^^^^^^^^^^^^^^^^^^^^^^^^^^^
  File "/home/runner/workspace/.pythonlibs/lib/python3.11/site-packages/flask/app.py", line 919, in full_dispatch_request
    rv = self.handle_user_exception(e)
         ^^^^^^^^^^^^^^^^^^^^^^^^^^^^^
  File "/home/runner/workspace/.pythonlibs/lib/python3.11/site-packages/flask/app.py", line 917, in full_dispatch_request
    rv = self.dispatch_request()
         ^^^^^^^^^^^^^^^^^^^^^^^
  File "/home/runner/workspace/.pythonlibs/lib/python3.11/site-packages/flask/app.py", line 902, in dispatch_request
    return self.ensure_sync(self.view_functions[rule.endpoint])(**view_args)  # type: ignore[no-any-return]
           ^^^^^^^^^^^^^^^^^^^^^^^^^^^^^^^^^^^^^^^^^^^^^^^^^^^^^^^^^^^^^^^^^
  File "/home/runner/workspace/.pythonlibs/lib/python3.11/site-packages/flask_login/utils.py", line 290, in decorated_view
    return current_app.ensure_sync(func)(*args, **kwargs)
           ^^^^^^^^^^^^^^^^^^^^^^^^^^^^^^^^^^^^^^^^^^^^^^
  File "/home/runner/workspace/routes/delivery.py", line 57, in assign
    return render_template('delivery/assign.html', order=order, delivery_users=delivery_users)
           ^^^^^^^^^^^^^^^^^^^^^^^^^^^^^^^^^^^^^^^^^^^^^^^^^^^^^^^^^^^^^^^^^^^^^^^^^^^^^^^^^^^
  File "/home/runner/workspace/.pythonlibs/lib/python3.11/site-packages/flask/templating.py", line 149, in render_template
    template = app.jinja_env.get_or_select_template(template_name_or_list)
               ^^^^^^^^^^^^^^^^^^^^^^^^^^^^^^^^^^^^^^^^^^^^^^^^^^^^^^^^^^^
  File "/home/runner/workspace/.pythonlibs/lib/python3.11/site-packages/jinja2/environment.py", line 1087, in get_or_select_template
    return self.get_template(template_name_or_list, parent, globals)
           ^^^^^^^^^^^^^^^^^^^^^^^^^^^^^^^^^^^^^^^^^^^^^^^^^^^^^^^^^
  File "/home/runner/workspace/.pythonlibs/lib/python3.11/site-packages/jinja2/environment.py", line 1016, in get_template
    return self._load_template(name, globals)
           ^^^^^^^^^^^^^^^^^^^^^^^^^^^^^^^^^^
  File "/home/runner/workspace/.pythonlibs/lib/python3.11/site-packages/jinja2/environment.py", line 975, in _load_template
    template = self.loader.load(self, name, self.make_globals(globals))
               ^^^^^^^^^^^^^^^^^^^^^^^^^^^^^^^^^^^^^^^^^^^^^^^^^^^^^^^^
  File "/home/runner/workspace/.pythonlibs/lib/python3.11/site-packages/jinja2/loaders.py", line 126, in load
    source, filename, uptodate = self.get_source(environment, name)
                                 ^^^^^^^^^^^^^^^^^^^^^^^^^^^^^^^^^^
  File "/home/runner/workspace/.pythonlibs/lib/python3.11/site-packages/flask/templating.py", line 65, in get_source
    return self._get_source_fast(environment, template)
           ^^^^^^^^^^^^^^^^^^^^^^^^^^^^^^^^^^^^^^^^^^^^
  File "/home/runner/workspace/.pythonlibs/lib/python3.11/site-packages/flask/templating.py", line 99, in _get_source_fast
    raise TemplateNotFound(template)
jinja2.exceptions.TemplateNotFound: delivery/assign.html
